{"level":"info","message":"listening on port 3000...","timestamp":"2019-05-25T09:04:38.665Z"}
{"level":"info","message":"connected to mongodb://localhost/document_management","timestamp":"2019-05-25T09:04:38.710Z"}
{"level":"info","message":"listening on port 3000...","timestamp":"2019-05-25T09:07:25.372Z"}
{"level":"info","message":"connected to mongodb://localhost/document_management","timestamp":"2019-05-25T09:07:25.420Z"}
{"level":"info","message":"listening on port 3000...","timestamp":"2019-05-25T09:16:38.000Z"}
{"level":"info","message":"connected to mongodb://localhost/document_management","timestamp":"2019-05-25T09:16:38.039Z"}
{"level":"info","message":"listening on port 3000...","timestamp":"2019-05-25T09:20:00.269Z"}
{"level":"info","message":"connected to mongodb://localhost/document_management","timestamp":"2019-05-25T09:20:00.307Z"}
{"level":"info","message":"listening on port 3000...","timestamp":"2019-05-25T09:20:52.946Z"}
{"level":"info","message":"connected to mongodb://localhost/document_management","timestamp":"2019-05-25T09:20:52.985Z"}
{"level":"info","message":"listening on port 3000...","timestamp":"2019-05-25T09:36:50.794Z"}
{"level":"info","message":"connected to mongodb://localhost/document_management","timestamp":"2019-05-25T09:36:50.832Z"}
{"level":"info","message":"listening on port 3000...","timestamp":"2019-05-25T09:38:29.618Z"}
{"level":"info","message":"connected to mongodb://localhost/document_management","timestamp":"2019-05-25T09:38:29.658Z"}
{"level":"info","message":"listening on port 3000...","timestamp":"2019-05-25T09:39:15.378Z"}
{"level":"info","message":"connected to mongodb://localhost/document_management","timestamp":"2019-05-25T09:39:15.416Z"}
{"level":"info","message":"listening on port 3000...","timestamp":"2019-05-25T09:57:07.180Z"}
{"level":"info","message":"connected to mongodb://localhost/document_management","timestamp":"2019-05-25T09:57:07.216Z"}
{"level":"info","message":"listening on port 3000...","timestamp":"2019-05-25T09:58:37.961Z"}
{"level":"info","message":"connected to mongodb://localhost/document_management","timestamp":"2019-05-25T09:58:37.997Z"}
{"level":"info","message":"listening on port 3000...","timestamp":"2019-05-25T10:13:20.657Z"}
{"level":"info","message":"connected to mongodb://localhost/document_management","timestamp":"2019-05-25T10:13:20.696Z"}
{"level":"info","message":"listening on port 3000...","timestamp":"2019-05-25T10:14:31.627Z"}
{"level":"info","message":"connected to mongodb://localhost/document_management","timestamp":"2019-05-25T10:14:31.664Z"}
{"level":"info","message":"listening on port 3000...","timestamp":"2019-05-25T10:20:23.003Z"}
{"level":"info","message":"connected to mongodb://localhost/document_management","timestamp":"2019-05-25T10:20:23.039Z"}
{"level":"info","message":"listening on port 3000...","timestamp":"2019-05-25T10:21:42.434Z"}
{"level":"info","message":"connected to mongodb://localhost/document_management","timestamp":"2019-05-25T10:21:42.473Z"}
{"level":"info","message":"listening on port 3000...","timestamp":"2019-05-25T10:23:30.023Z"}
{"level":"info","message":"connected to mongodb://localhost/document_management","timestamp":"2019-05-25T10:23:30.058Z"}
{"level":"info","message":"listening on port 3000...","timestamp":"2019-05-25T11:03:59.508Z"}
{"level":"info","message":"connected to mongodb://localhost/document_management","timestamp":"2019-05-25T11:03:59.548Z"}
{"level":"info","message":"listening on port 3000...","timestamp":"2019-05-25T11:16:59.465Z"}
{"level":"info","message":"connected to mongodb://localhost/document_management","timestamp":"2019-05-25T11:16:59.501Z"}
{"level":"info","message":"listening on port 3000...","timestamp":"2019-05-25T11:19:17.647Z"}
{"level":"info","message":"connected to mongodb://localhost/document_management","timestamp":"2019-05-25T11:19:17.687Z"}
{"level":"info","message":"listening on port 3000...","timestamp":"2019-05-25T11:22:21.767Z"}
{"level":"info","message":"connected to mongodb://localhost/document_management","timestamp":"2019-05-25T11:22:21.819Z"}
{"level":"info","message":"listening on port 3000...","timestamp":"2019-05-25T11:27:08.346Z"}
{"level":"info","message":"connected to mongodb://localhost/document_management","timestamp":"2019-05-25T11:27:08.385Z"}
{"level":"info","message":"listening on port 3000...","timestamp":"2019-05-25T11:30:07.967Z"}
{"level":"info","message":"connected to mongodb://localhost/document_management","timestamp":"2019-05-25T11:30:08.003Z"}
{"level":"info","message":"listening on port 3000...","timestamp":"2019-05-25T11:56:37.387Z"}
{"level":"info","message":"connected to mongodb://localhost/document_management","timestamp":"2019-05-25T11:56:37.428Z"}
{"level":"info","message":"listening on port 3000...","timestamp":"2019-05-25T11:59:54.094Z"}
{"level":"info","message":"connected to mongodb://localhost/document_management","timestamp":"2019-05-25T11:59:54.133Z"}
{"level":"info","message":"listening on port 3000...","timestamp":"2019-05-25T12:01:55.643Z"}
{"level":"info","message":"connected to mongodb://localhost/document_management","timestamp":"2019-05-25T12:01:55.684Z"}
{"level":"info","message":"listening on port 3000...","timestamp":"2019-05-25T12:05:09.288Z"}
{"level":"info","message":"connected to mongodb://localhost/document_management","timestamp":"2019-05-25T12:05:09.329Z"}
{"level":"info","message":"listening on port 3000...","timestamp":"2019-05-25T12:34:09.762Z"}
{"level":"info","message":"connected to mongodb://localhost/document_management","timestamp":"2019-05-25T12:34:09.797Z"}
{"level":"info","message":"listening on port 3000...","timestamp":"2019-05-25T12:36:51.029Z"}
{"level":"info","message":"connected to mongodb://localhost/document_management","timestamp":"2019-05-25T12:36:51.075Z"}
{"level":"info","message":"listening on port 3000...","timestamp":"2019-05-25T12:39:37.932Z"}
{"level":"info","message":"connected to mongodb://localhost/document_management","timestamp":"2019-05-25T12:39:37.973Z"}
{"level":"info","message":"listening on port 3000...","timestamp":"2019-05-25T12:40:18.289Z"}
{"level":"info","message":"connected to mongodb://localhost/document_management","timestamp":"2019-05-25T12:40:18.325Z"}
{"message":"Unexpected token ' in JSON at position 50","stack":"SyntaxError: Unexpected token ' in JSON at position 50\n    at JSON.parse (<anonymous>)\n    at parse (/Users/kazeemjimoh/Desktop/document-management-system/node_modules/express/node_modules/body-parser/lib/types/json.js:89:19)\n    at /Users/kazeemjimoh/Desktop/document-management-system/node_modules/express/node_modules/body-parser/lib/read.js:121:18\n    at invokeCallback (/Users/kazeemjimoh/Desktop/document-management-system/node_modules/express/node_modules/raw-body/index.js:224:16)\n    at done (/Users/kazeemjimoh/Desktop/document-management-system/node_modules/express/node_modules/raw-body/index.js:213:7)\n    at IncomingMessage.onEnd (/Users/kazeemjimoh/Desktop/document-management-system/node_modules/express/node_modules/raw-body/index.js:273:7)\n    at IncomingMessage.emit (events.js:194:15)\n    at endReadableNT (_stream_readable.js:1125:12)\n    at process._tickCallback (internal/process/next_tick.js:63:19)","expose":true,"statusCode":400,"status":400,"body":"{\n  \"email\": \"kazeem0825@gmail.com\",\n  \"password\":'lovely'\n}","type":"entity.parse.failed","level":"error","timestamp":"2019-05-25T12:40:48.447Z"}
{"level":"info","message":"listening on port 3000...","timestamp":"2019-05-25T12:41:08.904Z"}
{"level":"info","message":"connected to mongodb://localhost/document_management","timestamp":"2019-05-25T12:41:08.957Z"}
{"level":"info","message":"listening on port 3000...","timestamp":"2019-05-25T12:41:31.742Z"}
{"level":"info","message":"connected to mongodb://localhost/document_management","timestamp":"2019-05-25T12:41:31.786Z"}
{"level":"info","message":"listening on port 3000...","timestamp":"2019-05-25T12:53:12.920Z"}
{"level":"info","message":"connected to mongodb://localhost/document_management","timestamp":"2019-05-25T12:53:12.961Z"}
{"level":"info","message":"listening on port 3000...","timestamp":"2019-05-25T13:01:53.606Z"}
{"level":"info","message":"connected to mongodb://localhost/document_management","timestamp":"2019-05-25T13:01:53.642Z"}
{"level":"info","message":"listening on port 3000...","timestamp":"2019-05-25T13:38:17.482Z"}
{"level":"info","message":"connected to mongodb://localhost/document_management","timestamp":"2019-05-25T13:38:17.520Z"}
{"level":"info","message":"listening on port 3000...","timestamp":"2019-05-25T14:29:38.300Z"}
{"level":"info","message":"connected to mongodb://localhost/document_management","timestamp":"2019-05-25T14:29:38.340Z"}
{"level":"info","message":"listening on port 3000...","timestamp":"2019-05-25T17:06:51.729Z"}
{"level":"info","message":"connected to mongodb://localhost/document_management","timestamp":"2019-05-25T17:06:51.770Z"}
{"level":"info","message":"listening on port 3000...","timestamp":"2019-05-25T17:16:58.469Z"}
{"level":"info","message":"connected to mongodb://localhost/document_management","timestamp":"2019-05-25T17:16:58.507Z"}
{"level":"info","message":"listening on port 3000...","timestamp":"2019-05-25T17:22:30.192Z"}
{"level":"info","message":"connected to mongodb://localhost/document_management","timestamp":"2019-05-25T17:22:30.233Z"}
{"level":"info","message":"listening on port 3000...","timestamp":"2019-05-25T17:26:41.375Z"}
{"level":"info","message":"connected to mongodb://localhost/document_management","timestamp":"2019-05-25T17:26:41.411Z"}
{"level":"info","message":"listening on port 3000...","timestamp":"2019-05-26T06:20:40.925Z"}
{"level":"info","message":"connected to mongodb://localhost/document_management","timestamp":"2019-05-26T06:20:40.964Z"}
{"level":"info","message":"listening on port 3000...","timestamp":"2019-05-26T06:26:07.850Z"}
{"level":"info","message":"connected to mongodb://localhost/document_management","timestamp":"2019-05-26T06:26:07.888Z"}
{"level":"info","message":"listening on port 3000...","timestamp":"2019-05-26T06:26:20.770Z"}
{"level":"info","message":"connected to mongodb://localhost/document_management","timestamp":"2019-05-26T06:26:20.804Z"}
{"level":"info","message":"listening on port 3000...","timestamp":"2019-05-26T06:27:03.560Z"}
{"level":"info","message":"connected to mongodb://localhost/document_management","timestamp":"2019-05-26T06:27:03.608Z"}
{"level":"info","message":"listening on port 3000...","timestamp":"2019-05-26T06:27:10.156Z"}
{"level":"info","message":"connected to mongodb://localhost/document_management","timestamp":"2019-05-26T06:27:10.197Z"}
{"level":"info","message":"listening on port 3000...","timestamp":"2019-05-26T06:29:33.810Z"}
{"level":"info","message":"connected to mongodb://localhost/document_management","timestamp":"2019-05-26T06:29:33.846Z"}
{"level":"info","message":"listening on port 3000...","timestamp":"2019-05-26T06:30:27.479Z"}
{"level":"info","message":"connected to mongodb://localhost/document_management","timestamp":"2019-05-26T06:30:27.514Z"}
{"level":"info","message":"listening on port 3000...","timestamp":"2019-05-26T06:39:57.691Z"}
{"level":"info","message":"connected to mongodb://localhost/document_management","timestamp":"2019-05-26T06:39:57.717Z"}
{"level":"info","message":"listening on port 3000...","timestamp":"2019-05-26T06:41:26.595Z"}
{"level":"info","message":"connected to mongodb://localhost/document_management","timestamp":"2019-05-26T06:41:26.638Z"}
{"level":"info","message":"listening on port 3000...","timestamp":"2019-05-26T06:42:16.645Z"}
{"level":"info","message":"connected to mongodb://localhost/document_management","timestamp":"2019-05-26T06:42:16.680Z"}
{"level":"info","message":"listening on port 3000...","timestamp":"2019-05-26T06:45:27.390Z"}
{"level":"info","message":"connected to mongodb://localhost/document_management","timestamp":"2019-05-26T06:45:27.424Z"}
{"level":"info","message":"listening on port 3000...","timestamp":"2019-05-26T06:46:40.843Z"}
{"level":"info","message":"connected to mongodb://localhost/document_management","timestamp":"2019-05-26T06:46:40.884Z"}
{"level":"info","message":"listening on port 3000...","timestamp":"2019-05-26T06:48:02.251Z"}
{"level":"info","message":"connected to mongodb://localhost/document_management","timestamp":"2019-05-26T06:48:02.295Z"}
{"level":"info","message":"listening on port 3000...","timestamp":"2019-05-26T06:49:22.895Z"}
{"level":"info","message":"connected to mongodb://localhost/document_management","timestamp":"2019-05-26T06:49:22.932Z"}
{"level":"info","message":"listening on port 3000...","timestamp":"2019-05-26T06:49:46.046Z"}
{"level":"info","message":"connected to mongodb://localhost/document_management","timestamp":"2019-05-26T06:49:46.095Z"}
{"level":"info","message":"connected to mongodb://localhost/document_management_tests","timestamp":"2019-05-26T06:51:12.118Z"}
{"level":"info","message":"connected to mongodb://localhost/document_management_tests","timestamp":"2019-05-26T06:51:12.903Z"}
{"level":"info","message":"connected to mongodb://localhost/document_management_tests","timestamp":"2019-05-26T06:51:13.705Z"}
{"level":"info","message":"connected to mongodb://localhost/document_management_tests","timestamp":"2019-05-26T06:51:14.199Z"}
{"level":"info","message":"connected to mongodb://localhost/document_management_tests","timestamp":"2019-05-26T06:51:14.925Z"}
{"level":"info","message":"connected to mongodb://localhost/document_management_tests","timestamp":"2019-05-26T06:51:38.566Z"}
{"level":"info","message":"connected to mongodb://localhost/document_management_tests","timestamp":"2019-05-26T06:51:39.038Z"}
{"level":"info","message":"connected to mongodb://localhost/document_management_tests","timestamp":"2019-05-26T06:51:39.629Z"}
{"level":"info","message":"connected to mongodb://localhost/document_management_tests","timestamp":"2019-05-26T06:51:40.033Z"}
{"level":"info","message":"connected to mongodb://localhost/document_management_tests","timestamp":"2019-05-26T06:51:40.517Z"}
{"level":"info","message":"connected to mongodb://localhost/document_management_tests","timestamp":"2019-05-26T06:54:08.194Z"}
{"level":"info","message":"connected to mongodb://localhost/document_management_tests","timestamp":"2019-05-26T06:54:08.802Z"}
{"level":"info","message":"connected to mongodb://localhost/document_management_tests","timestamp":"2019-05-26T06:54:09.354Z"}
{"level":"info","message":"connected to mongodb://localhost/document_management_tests","timestamp":"2019-05-26T06:54:09.821Z"}
{"level":"info","message":"connected to mongodb://localhost/document_management_tests","timestamp":"2019-05-26T06:54:10.252Z"}
{"level":"info","message":"connected to mongodb://localhost/document_management_tests","timestamp":"2019-05-26T06:54:25.907Z"}
{"level":"info","message":"connected to mongodb://localhost/document_management_tests","timestamp":"2019-05-26T06:54:26.426Z"}
{"level":"info","message":"connected to mongodb://localhost/document_management_tests","timestamp":"2019-05-26T06:54:26.931Z"}
{"level":"info","message":"connected to mongodb://localhost/document_management_tests","timestamp":"2019-05-26T06:54:27.313Z"}
{"level":"info","message":"connected to mongodb://localhost/document_management_tests","timestamp":"2019-05-26T06:54:27.736Z"}
{"level":"info","message":"connected to mongodb://localhost/document_management_tests","timestamp":"2019-05-26T06:54:36.179Z"}
{"level":"info","message":"connected to mongodb://localhost/document_management_tests","timestamp":"2019-05-26T06:54:36.627Z"}
{"level":"info","message":"connected to mongodb://localhost/document_management_tests","timestamp":"2019-05-26T06:54:37.128Z"}
{"level":"info","message":"connected to mongodb://localhost/document_management_tests","timestamp":"2019-05-26T06:54:37.641Z"}
{"level":"info","message":"connected to mongodb://localhost/document_management_tests","timestamp":"2019-05-26T06:54:38.069Z"}
{"level":"info","message":"listening on port 3000...","timestamp":"2019-05-26T06:56:17.439Z"}
{"level":"info","message":"connected to mongodb://localhost/document_management","timestamp":"2019-05-26T06:56:17.468Z"}
{"level":"info","message":"listening on port 3000...","timestamp":"2019-05-26T07:02:25.572Z"}
{"level":"info","message":"connected to mongodb://localhost/document_management","timestamp":"2019-05-26T07:02:25.611Z"}
{"level":"info","message":"listening on port 3000...","timestamp":"2019-05-26T07:09:06.619Z"}
{"level":"info","message":"connected to mongodb://localhost/document_management","timestamp":"2019-05-26T07:09:06.656Z"}
{"level":"info","message":"listening on port 3000...","timestamp":"2019-05-26T07:17:57.946Z"}
{"level":"info","message":"connected to mongodb://localhost/document_management","timestamp":"2019-05-26T07:17:57.974Z"}
{"level":"info","message":"listening on port 3000...","timestamp":"2019-05-26T07:18:32.127Z"}
{"level":"info","message":"connected to mongodb://localhost/document_management","timestamp":"2019-05-26T07:18:32.176Z"}
{"level":"info","message":"listening on port 3000...","timestamp":"2019-05-26T07:19:11.465Z"}
{"level":"info","message":"connected to mongodb://localhost/document_management","timestamp":"2019-05-26T07:19:11.501Z"}
{"level":"info","message":"listening on port 3000...","timestamp":"2019-05-26T07:21:53.430Z"}
{"level":"info","message":"connected to mongodb://localhost/document_management","timestamp":"2019-05-26T07:21:53.456Z"}
{"level":"info","message":"listening on port 3000...","timestamp":"2019-05-26T07:22:25.676Z"}
{"level":"info","message":"connected to mongodb://localhost/document_management","timestamp":"2019-05-26T07:22:25.707Z"}
{"level":"info","message":"listening on port 3000...","timestamp":"2019-05-26T07:22:55.511Z"}
{"level":"info","message":"connected to mongodb://localhost/document_management","timestamp":"2019-05-26T07:22:55.545Z"}
{"level":"info","message":"listening on port 3000...","timestamp":"2019-05-26T07:26:36.177Z"}
{"level":"info","message":"connected to mongodb://localhost/document_management","timestamp":"2019-05-26T07:26:36.208Z"}
{"message":"document.or is not a function","stack":"TypeError: document.or is not a function\n    at or (/Users/kazeemjimoh/Desktop/document-management-system/controllers/document.js:42:6)\n    at tryCatch (/Users/kazeemjimoh/Desktop/document-management-system/node_modules/regenerator-runtime/runtime.js:45:40)\n    at Generator.invoke [as _invoke] (/Users/kazeemjimoh/Desktop/document-management-system/node_modules/regenerator-runtime/runtime.js:271:22)\n    at Generator.prototype.(anonymous function) [as next] (/Users/kazeemjimoh/Desktop/document-management-system/node_modules/regenerator-runtime/runtime.js:97:21)\n    at asyncGeneratorStep (/Users/kazeemjimoh/Desktop/document-management-system/controllers/document.js:12:103)\n    at _next (/Users/kazeemjimoh/Desktop/document-management-system/controllers/document.js:14:194)\n    at process._tickCallback (internal/process/next_tick.js:68:7)","level":"error","timestamp":"2019-05-26T07:26:39.984Z"}
{"level":"info","message":"listening on port 3000...","timestamp":"2019-05-26T07:32:27.231Z"}
{"level":"info","message":"connected to mongodb://localhost/document_management","timestamp":"2019-05-26T07:32:27.259Z"}
{"level":"info","message":"connected to mongodb://localhost/document_management_tests","timestamp":"2019-05-26T07:37:41.138Z"}
{"level":"info","message":"connected to mongodb://localhost/document_management_tests","timestamp":"2019-05-26T07:37:41.696Z"}
{"level":"info","message":"connected to mongodb://localhost/document_management_tests","timestamp":"2019-05-26T07:37:42.207Z"}
{"level":"info","message":"connected to mongodb://localhost/document_management_tests","timestamp":"2019-05-26T07:37:42.713Z"}
{"level":"info","message":"connected to mongodb://localhost/document_management_tests","timestamp":"2019-05-26T07:37:43.093Z"}
{"level":"info","message":"connected to mongodb://localhost/document_management_tests","timestamp":"2019-05-26T07:39:04.161Z"}
{"level":"info","message":"connected to mongodb://localhost/document_management_tests","timestamp":"2019-05-26T07:39:04.871Z"}
{"level":"info","message":"connected to mongodb://localhost/document_management_tests","timestamp":"2019-05-26T07:39:05.414Z"}
{"level":"info","message":"connected to mongodb://localhost/document_management_tests","timestamp":"2019-05-26T07:39:05.856Z"}
{"level":"info","message":"connected to mongodb://localhost/document_management_tests","timestamp":"2019-05-26T07:39:06.334Z"}
{"level":"info","message":"connected to mongodb://localhost/document_management_tests","timestamp":"2019-05-26T07:39:37.610Z"}
{"level":"info","message":"connected to mongodb://localhost/document_management_tests","timestamp":"2019-05-26T07:39:38.298Z"}
{"level":"info","message":"connected to mongodb://localhost/document_management_tests","timestamp":"2019-05-26T07:39:38.876Z"}
{"level":"info","message":"connected to mongodb://localhost/document_management_tests","timestamp":"2019-05-26T07:39:39.244Z"}
{"level":"info","message":"connected to mongodb://localhost/document_management_tests","timestamp":"2019-05-26T07:39:39.663Z"}
{"level":"info","message":"connected to mongodb://localhost/document_management_tests","timestamp":"2019-05-26T07:42:25.297Z"}
{"level":"info","message":"connected to mongodb://localhost/document_management_tests","timestamp":"2019-05-26T07:42:25.991Z"}
{"level":"info","message":"connected to mongodb://localhost/document_management_tests","timestamp":"2019-05-26T07:42:26.495Z"}
{"level":"info","message":"connected to mongodb://localhost/document_management_tests","timestamp":"2019-05-26T07:42:27.052Z"}
{"level":"info","message":"connected to mongodb://localhost/document_management_tests","timestamp":"2019-05-26T07:42:27.492Z"}
{"level":"info","message":"connected to mongodb://localhost/document_management_tests","timestamp":"2019-05-26T07:44:47.347Z"}
{"level":"info","message":"connected to mongodb://localhost/document_management_tests","timestamp":"2019-05-26T07:44:47.887Z"}
{"level":"info","message":"connected to mongodb://localhost/document_management_tests","timestamp":"2019-05-26T07:44:48.290Z"}
{"level":"info","message":"connected to mongodb://localhost/document_management_tests","timestamp":"2019-05-26T07:44:48.806Z"}
{"level":"info","message":"connected to mongodb://localhost/document_management_tests","timestamp":"2019-05-26T07:45:30.971Z"}
{"level":"info","message":"connected to mongodb://localhost/document_management_tests","timestamp":"2019-05-26T07:45:31.608Z"}
{"level":"info","message":"connected to mongodb://localhost/document_management_tests","timestamp":"2019-05-26T07:45:32.066Z"}
{"level":"info","message":"connected to mongodb://localhost/document_management_tests","timestamp":"2019-05-26T07:45:32.444Z"}
{"level":"info","message":"connected to mongodb://localhost/document_management_tests","timestamp":"2019-05-26T07:45:33.324Z"}
{"level":"info","message":"connected to mongodb://localhost/document_management_tests","timestamp":"2019-05-26T07:46:23.661Z"}
{"level":"info","message":"connected to mongodb://localhost/document_management_tests","timestamp":"2019-05-26T07:46:24.581Z"}
{"level":"info","message":"connected to mongodb://localhost/document_management_tests","timestamp":"2019-05-26T07:46:25.018Z"}
{"level":"info","message":"connected to mongodb://localhost/document_management_tests","timestamp":"2019-05-26T07:46:25.479Z"}
{"level":"info","message":"connected to mongodb://localhost/document_management_tests","timestamp":"2019-05-26T07:46:26.108Z"}
{"level":"info","message":"connected to mongodb://localhost/document_management_tests","timestamp":"2019-05-26T07:46:39.991Z"}
{"level":"info","message":"connected to mongodb://localhost/document_management_tests","timestamp":"2019-05-26T07:46:40.637Z"}
{"level":"info","message":"connected to mongodb://localhost/document_management_tests","timestamp":"2019-05-26T07:46:41.363Z"}
{"level":"info","message":"connected to mongodb://localhost/document_management_tests","timestamp":"2019-05-26T07:46:41.623Z"}
{"level":"info","message":"connected to mongodb://localhost/document_management_tests","timestamp":"2019-05-26T07:46:42.072Z"}
{"level":"info","message":"connected to mongodb://localhost/document_management_tests","timestamp":"2019-05-26T07:47:12.794Z"}
{"level":"info","message":"connected to mongodb://localhost/document_management_tests","timestamp":"2019-05-26T07:47:13.658Z"}
{"level":"info","message":"connected to mongodb://localhost/document_management_tests","timestamp":"2019-05-26T07:47:14.157Z"}
{"level":"info","message":"connected to mongodb://localhost/document_management_tests","timestamp":"2019-05-26T07:47:14.413Z"}
{"level":"info","message":"connected to mongodb://localhost/document_management_tests","timestamp":"2019-05-26T07:47:14.859Z"}
{"level":"info","message":"connected to mongodb://localhost/document_management_tests","timestamp":"2019-05-26T07:48:14.285Z"}
{"level":"info","message":"connected to mongodb://localhost/document_management_tests","timestamp":"2019-05-26T07:48:15.183Z"}
{"level":"info","message":"connected to mongodb://localhost/document_management_tests","timestamp":"2019-05-26T07:48:15.706Z"}
{"level":"info","message":"connected to mongodb://localhost/document_management_tests","timestamp":"2019-05-26T07:48:16.138Z"}
{"level":"info","message":"connected to mongodb://localhost/document_management_tests","timestamp":"2019-05-26T07:48:16.527Z"}
{"level":"info","message":"connected to mongodb://localhost/document_management_tests","timestamp":"2019-05-26T07:48:43.205Z"}
{"level":"info","message":"connected to mongodb://localhost/document_management_tests","timestamp":"2019-05-26T07:48:43.962Z"}
{"level":"info","message":"connected to mongodb://localhost/document_management_tests","timestamp":"2019-05-26T07:48:44.622Z"}
{"level":"info","message":"connected to mongodb://localhost/document_management_tests","timestamp":"2019-05-26T07:48:45.075Z"}
{"level":"info","message":"connected to mongodb://localhost/document_management_tests","timestamp":"2019-05-26T07:48:45.446Z"}
{"level":"info","message":"connected to mongodb://localhost/document_management_tests","timestamp":"2019-05-26T07:49:41.769Z"}
{"level":"info","message":"connected to mongodb://localhost/document_management_tests","timestamp":"2019-05-26T07:49:42.458Z"}
{"level":"info","message":"connected to mongodb://localhost/document_management_tests","timestamp":"2019-05-26T07:49:43.214Z"}
{"level":"info","message":"connected to mongodb://localhost/document_management_tests","timestamp":"2019-05-26T07:50:24.868Z"}
{"level":"info","message":"connected to mongodb://localhost/document_management_tests","timestamp":"2019-05-26T07:50:25.451Z"}
{"level":"info","message":"connected to mongodb://localhost/document_management_tests","timestamp":"2019-05-26T07:50:25.901Z"}
{"level":"info","message":"connected to mongodb://localhost/document_management_tests","timestamp":"2019-05-26T07:50:26.377Z"}
{"level":"info","message":"connected to mongodb://localhost/document_management_tests","timestamp":"2019-05-26T07:50:26.847Z"}
{"level":"info","message":"connected to mongodb://localhost/document_management_tests","timestamp":"2019-05-26T07:51:56.888Z"}
{"level":"info","message":"connected to mongodb://localhost/document_management_tests","timestamp":"2019-05-26T07:51:57.358Z"}
{"level":"info","message":"connected to mongodb://localhost/document_management_tests","timestamp":"2019-05-26T07:51:57.890Z"}
{"level":"info","message":"connected to mongodb://localhost/document_management_tests","timestamp":"2019-05-26T07:51:58.274Z"}
{"level":"info","message":"connected to mongodb://localhost/document_management_tests","timestamp":"2019-05-26T07:51:58.770Z"}
{"level":"info","message":"connected to mongodb://localhost/document_management_tests","timestamp":"2019-05-26T07:52:25.976Z"}
{"level":"info","message":"connected to mongodb://localhost/document_management_tests","timestamp":"2019-05-26T07:52:26.428Z"}
{"level":"info","message":"connected to mongodb://localhost/document_management_tests","timestamp":"2019-05-26T07:52:26.862Z"}
{"level":"info","message":"connected to mongodb://localhost/document_management_tests","timestamp":"2019-05-26T07:52:27.386Z"}
{"level":"info","message":"connected to mongodb://localhost/document_management_tests","timestamp":"2019-05-26T07:52:27.757Z"}
{"level":"info","message":"connected to mongodb://localhost/document_management_tests","timestamp":"2019-05-26T07:52:52.738Z"}
{"level":"info","message":"connected to mongodb://localhost/document_management_tests","timestamp":"2019-05-26T07:52:53.168Z"}
{"level":"info","message":"connected to mongodb://localhost/document_management_tests","timestamp":"2019-05-26T07:52:53.618Z"}
{"level":"info","message":"connected to mongodb://localhost/document_management_tests","timestamp":"2019-05-26T07:52:54.071Z"}
{"level":"info","message":"connected to mongodb://localhost/document_management_tests","timestamp":"2019-05-26T07:52:54.611Z"}
{"level":"info","message":"connected to mongodb://localhost/document_management_tests","timestamp":"2019-05-26T07:54:14.681Z"}
{"level":"info","message":"connected to mongodb://localhost/document_management_tests","timestamp":"2019-05-26T07:54:15.148Z"}
{"level":"info","message":"connected to mongodb://localhost/document_management_tests","timestamp":"2019-05-26T07:54:15.538Z"}
{"level":"info","message":"connected to mongodb://localhost/document_management_tests","timestamp":"2019-05-26T07:54:16.213Z"}
{"level":"info","message":"connected to mongodb://localhost/document_management_tests","timestamp":"2019-05-26T07:54:16.779Z"}
{"level":"info","message":"connected to mongodb://localhost/document_management_tests","timestamp":"2019-05-26T07:55:01.723Z"}
{"message":"Cannot read property 'role' of undefined","stack":"TypeError: Cannot read property 'role' of undefined\n    at role (/Users/kazeemjimoh/Desktop/document-management-system/controllers/user.js:65:16)\n    at tryCatch (/Users/kazeemjimoh/Desktop/document-management-system/node_modules/babel-polyfill/node_modules/regenerator-runtime/runtime.js:65:40)\n    at Generator.invoke [as _invoke] (/Users/kazeemjimoh/Desktop/document-management-system/node_modules/babel-polyfill/node_modules/regenerator-runtime/runtime.js:303:22)\n    at Generator.prototype.(anonymous function) [as next] (/Users/kazeemjimoh/Desktop/document-management-system/node_modules/babel-polyfill/node_modules/regenerator-runtime/runtime.js:117:21)\n    at asyncGeneratorStep (/Users/kazeemjimoh/Desktop/document-management-system/controllers/user.js:650:103)\n    at _next (/Users/kazeemjimoh/Desktop/document-management-system/controllers/user.js:652:194)\n    at /Users/kazeemjimoh/Desktop/document-management-system/controllers/user.js:652:364\n    at new Promise (<anonymous>)\n    at /Users/kazeemjimoh/Desktop/document-management-system/controllers/user.js:652:97\n    at updateUser (/Users/kazeemjimoh/Desktop/document-management-system/controllers/user.js:968:28)\n    at newFn (/Users/kazeemjimoh/Desktop/document-management-system/node_modules/express-async-errors/index.js:16:20)\n    at Layer.handle [as handle_request] (/Users/kazeemjimoh/Desktop/document-management-system/node_modules/express/lib/router/layer.js:95:5)\n    at next (/Users/kazeemjimoh/Desktop/document-management-system/node_modules/express/lib/router/route.js:137:13)\n    at next (/Users/kazeemjimoh/Desktop/document-management-system/middleware/auth.js:14:3)\n    at newFn (/Users/kazeemjimoh/Desktop/document-management-system/node_modules/express-async-errors/index.js:16:20)\n    at Layer.handle [as handle_request] (/Users/kazeemjimoh/Desktop/document-management-system/node_modules/express/lib/router/layer.js:95:5)","level":"error","timestamp":"2019-05-26T07:55:01.994Z"}
{"level":"info","message":"connected to mongodb://localhost/document_management_tests","timestamp":"2019-05-26T07:55:02.334Z"}
{"level":"info","message":"connected to mongodb://localhost/document_management_tests","timestamp":"2019-05-26T07:55:02.766Z"}
{"level":"info","message":"connected to mongodb://localhost/document_management_tests","timestamp":"2019-05-26T07:55:03.229Z"}
{"level":"info","message":"connected to mongodb://localhost/document_management_tests","timestamp":"2019-05-26T07:55:03.640Z"}
{"level":"info","message":"connected to mongodb://localhost/document_management_tests","timestamp":"2019-05-26T07:55:36.833Z"}
{"message":"Cannot read property 'role' of undefined","stack":"TypeError: Cannot read property 'role' of undefined\n    at role (/Users/kazeemjimoh/Desktop/document-management-system/controllers/user.js:65:16)\n    at tryCatch (/Users/kazeemjimoh/Desktop/document-management-system/node_modules/babel-polyfill/node_modules/regenerator-runtime/runtime.js:65:40)\n    at Generator.invoke [as _invoke] (/Users/kazeemjimoh/Desktop/document-management-system/node_modules/babel-polyfill/node_modules/regenerator-runtime/runtime.js:303:22)\n    at Generator.prototype.(anonymous function) [as next] (/Users/kazeemjimoh/Desktop/document-management-system/node_modules/babel-polyfill/node_modules/regenerator-runtime/runtime.js:117:21)\n    at asyncGeneratorStep (/Users/kazeemjimoh/Desktop/document-management-system/controllers/user.js:650:103)\n    at _next (/Users/kazeemjimoh/Desktop/document-management-system/controllers/user.js:652:194)\n    at /Users/kazeemjimoh/Desktop/document-management-system/controllers/user.js:652:364\n    at new Promise (<anonymous>)\n    at /Users/kazeemjimoh/Desktop/document-management-system/controllers/user.js:652:97\n    at updateUser (/Users/kazeemjimoh/Desktop/document-management-system/controllers/user.js:968:28)\n    at newFn (/Users/kazeemjimoh/Desktop/document-management-system/node_modules/express-async-errors/index.js:16:20)\n    at Layer.handle [as handle_request] (/Users/kazeemjimoh/Desktop/document-management-system/node_modules/express/lib/router/layer.js:95:5)\n    at next (/Users/kazeemjimoh/Desktop/document-management-system/node_modules/express/lib/router/route.js:137:13)\n    at next (/Users/kazeemjimoh/Desktop/document-management-system/middleware/auth.js:14:3)\n    at newFn (/Users/kazeemjimoh/Desktop/document-management-system/node_modules/express-async-errors/index.js:16:20)\n    at Layer.handle [as handle_request] (/Users/kazeemjimoh/Desktop/document-management-system/node_modules/express/lib/router/layer.js:95:5)","level":"error","timestamp":"2019-05-26T07:55:37.129Z"}
{"level":"info","message":"connected to mongodb://localhost/document_management_tests","timestamp":"2019-05-26T07:55:37.529Z"}
{"level":"info","message":"connected to mongodb://localhost/document_management_tests","timestamp":"2019-05-26T07:55:37.949Z"}
{"level":"info","message":"connected to mongodb://localhost/document_management_tests","timestamp":"2019-05-26T07:55:38.418Z"}
{"level":"info","message":"connected to mongodb://localhost/document_management_tests","timestamp":"2019-05-26T07:55:39.216Z"}
{"level":"info","message":"connected to mongodb://localhost/document_management_tests","timestamp":"2019-05-26T07:57:10.256Z"}
{"message":"Cannot read property 'role' of undefined","stack":"TypeError: Cannot read property 'role' of undefined\n    at role (/Users/kazeemjimoh/Desktop/document-management-system/controllers/user.js:65:16)\n    at tryCatch (/Users/kazeemjimoh/Desktop/document-management-system/node_modules/babel-polyfill/node_modules/regenerator-runtime/runtime.js:65:40)\n    at Generator.invoke [as _invoke] (/Users/kazeemjimoh/Desktop/document-management-system/node_modules/babel-polyfill/node_modules/regenerator-runtime/runtime.js:303:22)\n    at Generator.prototype.(anonymous function) [as next] (/Users/kazeemjimoh/Desktop/document-management-system/node_modules/babel-polyfill/node_modules/regenerator-runtime/runtime.js:117:21)\n    at asyncGeneratorStep (/Users/kazeemjimoh/Desktop/document-management-system/controllers/user.js:650:103)\n    at _next (/Users/kazeemjimoh/Desktop/document-management-system/controllers/user.js:652:194)\n    at /Users/kazeemjimoh/Desktop/document-management-system/controllers/user.js:652:364\n    at new Promise (<anonymous>)\n    at /Users/kazeemjimoh/Desktop/document-management-system/controllers/user.js:652:97\n    at updateUser (/Users/kazeemjimoh/Desktop/document-management-system/controllers/user.js:968:28)\n    at newFn (/Users/kazeemjimoh/Desktop/document-management-system/node_modules/express-async-errors/index.js:16:20)\n    at Layer.handle [as handle_request] (/Users/kazeemjimoh/Desktop/document-management-system/node_modules/express/lib/router/layer.js:95:5)\n    at next (/Users/kazeemjimoh/Desktop/document-management-system/node_modules/express/lib/router/route.js:137:13)\n    at next (/Users/kazeemjimoh/Desktop/document-management-system/middleware/auth.js:14:3)\n    at newFn (/Users/kazeemjimoh/Desktop/document-management-system/node_modules/express-async-errors/index.js:16:20)\n    at Layer.handle [as handle_request] (/Users/kazeemjimoh/Desktop/document-management-system/node_modules/express/lib/router/layer.js:95:5)","level":"error","timestamp":"2019-05-26T07:57:10.543Z"}
{"level":"info","message":"connected to mongodb://localhost/document_management_tests","timestamp":"2019-05-26T07:57:10.932Z"}
{"level":"info","message":"connected to mongodb://localhost/document_management_tests","timestamp":"2019-05-26T07:57:11.220Z"}
{"level":"info","message":"connected to mongodb://localhost/document_management_tests","timestamp":"2019-05-26T07:57:11.664Z"}
{"level":"info","message":"connected to mongodb://localhost/document_management_tests","timestamp":"2019-05-26T07:57:12.441Z"}
{"level":"info","message":"connected to mongodb://localhost/document_management_tests","timestamp":"2019-05-26T07:58:24.534Z"}
{"message":"Cannot read property 'role' of undefined","stack":"TypeError: Cannot read property 'role' of undefined\n    at role (/Users/kazeemjimoh/Desktop/document-management-system/controllers/user.js:65:16)\n    at tryCatch (/Users/kazeemjimoh/Desktop/document-management-system/node_modules/babel-polyfill/node_modules/regenerator-runtime/runtime.js:65:40)\n    at Generator.invoke [as _invoke] (/Users/kazeemjimoh/Desktop/document-management-system/node_modules/babel-polyfill/node_modules/regenerator-runtime/runtime.js:303:22)\n    at Generator.prototype.(anonymous function) [as next] (/Users/kazeemjimoh/Desktop/document-management-system/node_modules/babel-polyfill/node_modules/regenerator-runtime/runtime.js:117:21)\n    at asyncGeneratorStep (/Users/kazeemjimoh/Desktop/document-management-system/controllers/user.js:650:103)\n    at _next (/Users/kazeemjimoh/Desktop/document-management-system/controllers/user.js:652:194)\n    at /Users/kazeemjimoh/Desktop/document-management-system/controllers/user.js:652:364\n    at new Promise (<anonymous>)\n    at /Users/kazeemjimoh/Desktop/document-management-system/controllers/user.js:652:97\n    at updateUser (/Users/kazeemjimoh/Desktop/document-management-system/controllers/user.js:968:28)\n    at newFn (/Users/kazeemjimoh/Desktop/document-management-system/node_modules/express-async-errors/index.js:16:20)\n    at Layer.handle [as handle_request] (/Users/kazeemjimoh/Desktop/document-management-system/node_modules/express/lib/router/layer.js:95:5)\n    at next (/Users/kazeemjimoh/Desktop/document-management-system/node_modules/express/lib/router/route.js:137:13)\n    at next (/Users/kazeemjimoh/Desktop/document-management-system/middleware/auth.js:14:3)\n    at newFn (/Users/kazeemjimoh/Desktop/document-management-system/node_modules/express-async-errors/index.js:16:20)\n    at Layer.handle [as handle_request] (/Users/kazeemjimoh/Desktop/document-management-system/node_modules/express/lib/router/layer.js:95:5)","level":"error","timestamp":"2019-05-26T07:58:24.813Z"}
{"level":"info","message":"connected to mongodb://localhost/document_management_tests","timestamp":"2019-05-26T07:58:25.282Z"}
{"level":"info","message":"connected to mongodb://localhost/document_management_tests","timestamp":"2019-05-26T07:58:25.714Z"}
{"level":"info","message":"connected to mongodb://localhost/document_management_tests","timestamp":"2019-05-26T07:58:26.129Z"}
{"level":"info","message":"connected to mongodb://localhost/document_management_tests","timestamp":"2019-05-26T07:58:26.579Z"}
{"level":"info","message":"connected to mongodb://localhost/document_management_tests","timestamp":"2019-05-26T07:59:35.923Z"}
{"message":"Cannot read property 'role' of undefined","stack":"TypeError: Cannot read property 'role' of undefined\n    at role (/Users/kazeemjimoh/Desktop/document-management-system/controllers/user.js:65:16)\n    at tryCatch (/Users/kazeemjimoh/Desktop/document-management-system/node_modules/babel-polyfill/node_modules/regenerator-runtime/runtime.js:65:40)\n    at Generator.invoke [as _invoke] (/Users/kazeemjimoh/Desktop/document-management-system/node_modules/babel-polyfill/node_modules/regenerator-runtime/runtime.js:303:22)\n    at Generator.prototype.(anonymous function) [as next] (/Users/kazeemjimoh/Desktop/document-management-system/node_modules/babel-polyfill/node_modules/regenerator-runtime/runtime.js:117:21)\n    at asyncGeneratorStep (/Users/kazeemjimoh/Desktop/document-management-system/controllers/user.js:650:103)\n    at _next (/Users/kazeemjimoh/Desktop/document-management-system/controllers/user.js:652:194)\n    at /Users/kazeemjimoh/Desktop/document-management-system/controllers/user.js:652:364\n    at new Promise (<anonymous>)\n    at /Users/kazeemjimoh/Desktop/document-management-system/controllers/user.js:652:97\n    at updateUser (/Users/kazeemjimoh/Desktop/document-management-system/controllers/user.js:968:28)\n    at newFn (/Users/kazeemjimoh/Desktop/document-management-system/node_modules/express-async-errors/index.js:16:20)\n    at Layer.handle [as handle_request] (/Users/kazeemjimoh/Desktop/document-management-system/node_modules/express/lib/router/layer.js:95:5)\n    at next (/Users/kazeemjimoh/Desktop/document-management-system/node_modules/express/lib/router/route.js:137:13)\n    at next (/Users/kazeemjimoh/Desktop/document-management-system/middleware/auth.js:14:3)\n    at newFn (/Users/kazeemjimoh/Desktop/document-management-system/node_modules/express-async-errors/index.js:16:20)\n    at Layer.handle [as handle_request] (/Users/kazeemjimoh/Desktop/document-management-system/node_modules/express/lib/router/layer.js:95:5)","level":"error","timestamp":"2019-05-26T07:59:36.076Z"}
{"level":"info","message":"connected to mongodb://localhost/document_management_tests","timestamp":"2019-05-26T07:59:36.843Z"}
{"level":"info","message":"connected to mongodb://localhost/document_management_tests","timestamp":"2019-05-26T07:59:37.308Z"}
{"level":"info","message":"connected to mongodb://localhost/document_management_tests","timestamp":"2019-05-26T07:59:37.828Z"}
{"level":"info","message":"connected to mongodb://localhost/document_management_tests","timestamp":"2019-05-26T07:59:38.408Z"}
{"level":"info","message":"listening on port 3000...","timestamp":"2019-05-26T08:00:05.342Z"}
{"level":"info","message":"connected to mongodb://localhost/document_management","timestamp":"2019-05-26T08:00:05.369Z"}
{"message":"Cannot read property 'role' of undefined","stack":"TypeError: Cannot read property 'role' of undefined\n    at role (/Users/kazeemjimoh/Desktop/document-management-system/controllers/user.js:65:16)\n    at tryCatch (/Users/kazeemjimoh/Desktop/document-management-system/node_modules/regenerator-runtime/runtime.js:45:40)\n    at Generator.invoke [as _invoke] (/Users/kazeemjimoh/Desktop/document-management-system/node_modules/regenerator-runtime/runtime.js:271:22)\n    at Generator.prototype.(anonymous function) [as next] (/Users/kazeemjimoh/Desktop/document-management-system/node_modules/regenerator-runtime/runtime.js:97:21)\n    at asyncGeneratorStep (/Users/kazeemjimoh/Desktop/document-management-system/controllers/user.js:18:103)\n    at _next (/Users/kazeemjimoh/Desktop/document-management-system/controllers/user.js:20:194)\n    at /Users/kazeemjimoh/Desktop/document-management-system/controllers/user.js:20:364\n    at new Promise (<anonymous>)\n    at /Users/kazeemjimoh/Desktop/document-management-system/controllers/user.js:20:97\n    at updateUser (/Users/kazeemjimoh/Desktop/document-management-system/controllers/user.js:245:28)\n    at newFn (/Users/kazeemjimoh/Desktop/document-management-system/node_modules/express-async-errors/index.js:16:20)\n    at Layer.handle [as handle_request] (/Users/kazeemjimoh/Desktop/document-management-system/node_modules/express/lib/router/layer.js:95:5)\n    at next (/Users/kazeemjimoh/Desktop/document-management-system/node_modules/express/lib/router/route.js:137:13)\n    at next (/Users/kazeemjimoh/Desktop/document-management-system/middleware/auth.js:14:3)\n    at newFn (/Users/kazeemjimoh/Desktop/document-management-system/node_modules/express-async-errors/index.js:16:20)\n    at Layer.handle [as handle_request] (/Users/kazeemjimoh/Desktop/document-management-system/node_modules/express/lib/router/layer.js:95:5)","level":"error","timestamp":"2019-05-26T08:02:46.812Z"}
{"level":"info","message":"listening on port 3000...","timestamp":"2019-05-26T08:03:27.057Z"}
{"level":"info","message":"connected to mongodb://localhost/document_management","timestamp":"2019-05-26T08:03:27.087Z"}
{"message":"E11000 duplicate key error collection: document_management.users index: userName_1 dup key: { : \"kazeem0999938\" }","stack":"MongoError: E11000 duplicate key error collection: document_management.users index: userName_1 dup key: { : \"kazeem0999938\" }\n    at Connection.<anonymous> (/Users/kazeemjimoh/Desktop/document-management-system/node_modules/mongodb-core/lib/connection/pool.js:443:61)\n    at Connection.emit (events.js:189:13)\n    at processMessage (/Users/kazeemjimoh/Desktop/document-management-system/node_modules/mongodb-core/lib/connection/connection.js:364:10)\n    at Socket.<anonymous> (/Users/kazeemjimoh/Desktop/document-management-system/node_modules/mongodb-core/lib/connection/connection.js:533:15)\n    at Socket.emit (events.js:189:13)\n    at addChunk (_stream_readable.js:284:12)\n    at readableAddChunk (_stream_readable.js:265:11)\n    at Socket.Readable.push (_stream_readable.js:220:10)\n    at TCP.onStreamRead [as onread] (internal/stream_base_commons.js:94:17)","ok":0,"errmsg":"E11000 duplicate key error collection: document_management.users index: userName_1 dup key: { : \"kazeem0999938\" }","code":11000,"codeName":"DuplicateKey","name":"MongoError","level":"error","timestamp":"2019-05-26T08:03:32.174Z"}
{"level":"info","message":"listening on port 3000...","timestamp":"2019-05-26T08:05:03.622Z"}
{"level":"info","message":"connected to mongodb://localhost/document_management","timestamp":"2019-05-26T08:05:03.655Z"}
{"message":"E11000 duplicate key error collection: document_management.users index: userName_1 dup key: { : \"kazeem0999938\" }","stack":"MongoError: E11000 duplicate key error collection: document_management.users index: userName_1 dup key: { : \"kazeem0999938\" }\n    at Connection.<anonymous> (/Users/kazeemjimoh/Desktop/document-management-system/node_modules/mongodb-core/lib/connection/pool.js:443:61)\n    at Connection.emit (events.js:189:13)\n    at processMessage (/Users/kazeemjimoh/Desktop/document-management-system/node_modules/mongodb-core/lib/connection/connection.js:364:10)\n    at Socket.<anonymous> (/Users/kazeemjimoh/Desktop/document-management-system/node_modules/mongodb-core/lib/connection/connection.js:533:15)\n    at Socket.emit (events.js:189:13)\n    at addChunk (_stream_readable.js:284:12)\n    at readableAddChunk (_stream_readable.js:265:11)\n    at Socket.Readable.push (_stream_readable.js:220:10)\n    at TCP.onStreamRead [as onread] (internal/stream_base_commons.js:94:17)","ok":0,"errmsg":"E11000 duplicate key error collection: document_management.users index: userName_1 dup key: { : \"kazeem0999938\" }","code":11000,"codeName":"DuplicateKey","name":"MongoError","level":"error","timestamp":"2019-05-26T08:05:14.305Z"}
{"level":"info","message":"listening on port 3000...","timestamp":"2019-05-26T08:06:09.259Z"}
{"level":"info","message":"connected to mongodb://localhost/document_management","timestamp":"2019-05-26T08:06:09.296Z"}
{"level":"info","message":"listening on port 3000...","timestamp":"2019-05-26T08:07:21.899Z"}
{"level":"info","message":"connected to mongodb://localhost/document_management","timestamp":"2019-05-26T08:07:21.929Z"}
{"message":"E11000 duplicate key error collection: document_management.users index: userName_1 dup key: { : \"kazeem0999938\" }","stack":"MongoError: E11000 duplicate key error collection: document_management.users index: userName_1 dup key: { : \"kazeem0999938\" }\n    at Connection.<anonymous> (/Users/kazeemjimoh/Desktop/document-management-system/node_modules/mongodb-core/lib/connection/pool.js:443:61)\n    at Connection.emit (events.js:189:13)\n    at processMessage (/Users/kazeemjimoh/Desktop/document-management-system/node_modules/mongodb-core/lib/connection/connection.js:364:10)\n    at Socket.<anonymous> (/Users/kazeemjimoh/Desktop/document-management-system/node_modules/mongodb-core/lib/connection/connection.js:533:15)\n    at Socket.emit (events.js:189:13)\n    at addChunk (_stream_readable.js:284:12)\n    at readableAddChunk (_stream_readable.js:265:11)\n    at Socket.Readable.push (_stream_readable.js:220:10)\n    at TCP.onStreamRead [as onread] (internal/stream_base_commons.js:94:17)","ok":0,"errmsg":"E11000 duplicate key error collection: document_management.users index: userName_1 dup key: { : \"kazeem0999938\" }","code":11000,"codeName":"DuplicateKey","name":"MongoError","level":"error","timestamp":"2019-05-26T08:07:30.258Z"}
{"level":"info","message":"listening on port 3000...","timestamp":"2019-05-26T08:17:42.338Z"}
{"level":"info","message":"connected to mongodb://localhost/document_management","timestamp":"2019-05-26T08:17:42.359Z"}
{"message":"E11000 duplicate key error collection: document_management.users index: userName_1 dup key: { : \"kazeem0999938\" }","stack":"MongoError: E11000 duplicate key error collection: document_management.users index: userName_1 dup key: { : \"kazeem0999938\" }\n    at Connection.<anonymous> (/Users/kazeemjimoh/Desktop/document-management-system/node_modules/mongodb-core/lib/connection/pool.js:443:61)\n    at Connection.emit (events.js:189:13)\n    at processMessage (/Users/kazeemjimoh/Desktop/document-management-system/node_modules/mongodb-core/lib/connection/connection.js:364:10)\n    at Socket.<anonymous> (/Users/kazeemjimoh/Desktop/document-management-system/node_modules/mongodb-core/lib/connection/connection.js:533:15)\n    at Socket.emit (events.js:189:13)\n    at addChunk (_stream_readable.js:284:12)\n    at readableAddChunk (_stream_readable.js:265:11)\n    at Socket.Readable.push (_stream_readable.js:220:10)\n    at TCP.onStreamRead [as onread] (internal/stream_base_commons.js:94:17)","ok":0,"errmsg":"E11000 duplicate key error collection: document_management.users index: userName_1 dup key: { : \"kazeem0999938\" }","code":11000,"codeName":"DuplicateKey","name":"MongoError","level":"error","timestamp":"2019-05-26T08:17:42.692Z"}
{"level":"info","message":"listening on port 3000...","timestamp":"2019-05-26T08:18:27.986Z"}
{"level":"info","message":"connected to mongodb://localhost/document_management","timestamp":"2019-05-26T08:18:28.023Z"}
{"message":"Parameter \"filter\" to update() must be an object, got 5cea3e2cab2e0f0759c0002d","stack":"ObjectParameterError: Parameter \"filter\" to update() must be an object, got 5cea3e2cab2e0f0759c0002d\n    at new ObjectParameterError (/Users/kazeemjimoh/Desktop/document-management-system/node_modules/mongoose/lib/error/objectParameter.js:25:11)\n    at _update (/Users/kazeemjimoh/Desktop/document-management-system/node_modules/mongoose/lib/query.js:3967:17)\n    at model.Query.Query.update (/Users/kazeemjimoh/Desktop/document-management-system/node_modules/mongoose/lib/query.js:3753:10)\n    at _update (/Users/kazeemjimoh/Desktop/document-management-system/node_modules/mongoose/lib/model.js:3435:16)\n    at Function.update (/Users/kazeemjimoh/Desktop/document-management-system/node_modules/mongoose/lib/model.js:3315:10)\n    at update (/Users/kazeemjimoh/Desktop/document-management-system/controllers/user.js:57:25)\n    at tryCatch (/Users/kazeemjimoh/Desktop/document-management-system/node_modules/regenerator-runtime/runtime.js:45:40)\n    at Generator.invoke [as _invoke] (/Users/kazeemjimoh/Desktop/document-management-system/node_modules/regenerator-runtime/runtime.js:271:22)\n    at Generator.prototype.(anonymous function) [as next] (/Users/kazeemjimoh/Desktop/document-management-system/node_modules/regenerator-runtime/runtime.js:97:21)\n    at asyncGeneratorStep (/Users/kazeemjimoh/Desktop/document-management-system/controllers/user.js:18:103)\n    at _next (/Users/kazeemjimoh/Desktop/document-management-system/controllers/user.js:20:194)\n    at /Users/kazeemjimoh/Desktop/document-management-system/controllers/user.js:20:364\n    at new Promise (<anonymous>)\n    at /Users/kazeemjimoh/Desktop/document-management-system/controllers/user.js:20:97\n    at updateUser (/Users/kazeemjimoh/Desktop/document-management-system/controllers/user.js:245:28)\n    at newFn (/Users/kazeemjimoh/Desktop/document-management-system/node_modules/express-async-errors/index.js:16:20)","name":"ObjectParameterError","level":"error","timestamp":"2019-05-26T08:18:30.573Z"}
{"message":"Parameter \"filter\" to update() must be an object, got 5cea33db10b3d50558ba89f8","stack":"ObjectParameterError: Parameter \"filter\" to update() must be an object, got 5cea33db10b3d50558ba89f8\n    at new ObjectParameterError (/Users/kazeemjimoh/Desktop/document-management-system/node_modules/mongoose/lib/error/objectParameter.js:25:11)\n    at _update (/Users/kazeemjimoh/Desktop/document-management-system/node_modules/mongoose/lib/query.js:3967:17)\n    at model.Query.Query.update (/Users/kazeemjimoh/Desktop/document-management-system/node_modules/mongoose/lib/query.js:3753:10)\n    at _update (/Users/kazeemjimoh/Desktop/document-management-system/node_modules/mongoose/lib/model.js:3435:16)\n    at Function.update (/Users/kazeemjimoh/Desktop/document-management-system/node_modules/mongoose/lib/model.js:3315:10)\n    at update (/Users/kazeemjimoh/Desktop/document-management-system/controllers/user.js:57:25)\n    at tryCatch (/Users/kazeemjimoh/Desktop/document-management-system/node_modules/regenerator-runtime/runtime.js:45:40)\n    at Generator.invoke [as _invoke] (/Users/kazeemjimoh/Desktop/document-management-system/node_modules/regenerator-runtime/runtime.js:271:22)\n    at Generator.prototype.(anonymous function) [as next] (/Users/kazeemjimoh/Desktop/document-management-system/node_modules/regenerator-runtime/runtime.js:97:21)\n    at asyncGeneratorStep (/Users/kazeemjimoh/Desktop/document-management-system/controllers/user.js:18:103)\n    at _next (/Users/kazeemjimoh/Desktop/document-management-system/controllers/user.js:20:194)\n    at /Users/kazeemjimoh/Desktop/document-management-system/controllers/user.js:20:364\n    at new Promise (<anonymous>)\n    at /Users/kazeemjimoh/Desktop/document-management-system/controllers/user.js:20:97\n    at updateUser (/Users/kazeemjimoh/Desktop/document-management-system/controllers/user.js:245:28)\n    at newFn (/Users/kazeemjimoh/Desktop/document-management-system/node_modules/express-async-errors/index.js:16:20)","name":"ObjectParameterError","level":"error","timestamp":"2019-05-26T08:19:43.649Z"}
{"level":"info","message":"listening on port 3000...","timestamp":"2019-05-26T08:20:04.090Z"}
{"level":"info","message":"connected to mongodb://localhost/document_management","timestamp":"2019-05-26T08:20:04.119Z"}
{"level":"info","message":"connected to mongodb://localhost/document_management_tests","timestamp":"2019-05-26T08:20:26.529Z"}
{"level":"info","message":"connected to mongodb://localhost/document_management_tests","timestamp":"2019-05-26T08:20:27.092Z"}
{"level":"info","message":"connected to mongodb://localhost/document_management_tests","timestamp":"2019-05-26T08:20:27.538Z"}
{"level":"info","message":"connected to mongodb://localhost/document_management_tests","timestamp":"2019-05-26T08:20:28.057Z"}
{"level":"info","message":"connected to mongodb://localhost/document_management_tests","timestamp":"2019-05-26T08:20:28.498Z"}
{"level":"info","message":"connected to mongodb://localhost/document_management_tests","timestamp":"2019-05-26T08:20:45.380Z"}
{"level":"info","message":"connected to mongodb://localhost/document_management_tests","timestamp":"2019-05-26T08:20:45.928Z"}
{"level":"info","message":"connected to mongodb://localhost/document_management_tests","timestamp":"2019-05-26T08:20:46.357Z"}
{"level":"info","message":"connected to mongodb://localhost/document_management_tests","timestamp":"2019-05-26T08:20:46.820Z"}
{"level":"info","message":"connected to mongodb://localhost/document_management_tests","timestamp":"2019-05-26T08:20:47.195Z"}
{"level":"info","message":"connected to mongodb://localhost/document_management_tests","timestamp":"2019-05-26T08:21:16.577Z"}
{"level":"info","message":"connected to mongodb://localhost/document_management_tests","timestamp":"2019-05-26T08:21:17.047Z"}
{"level":"info","message":"connected to mongodb://localhost/document_management_tests","timestamp":"2019-05-26T08:21:17.461Z"}
{"level":"info","message":"connected to mongodb://localhost/document_management_tests","timestamp":"2019-05-26T08:21:18.004Z"}
{"level":"info","message":"connected to mongodb://localhost/document_management_tests","timestamp":"2019-05-26T08:21:18.385Z"}
{"level":"info","message":"connected to mongodb://localhost/document_management_tests","timestamp":"2019-05-26T08:21:23.445Z"}
{"level":"info","message":"connected to mongodb://localhost/document_management_tests","timestamp":"2019-05-26T08:21:23.880Z"}
{"level":"info","message":"connected to mongodb://localhost/document_management_tests","timestamp":"2019-05-26T08:21:24.338Z"}
{"level":"info","message":"connected to mongodb://localhost/document_management_tests","timestamp":"2019-05-26T08:21:24.754Z"}
{"level":"info","message":"connected to mongodb://localhost/document_management_tests","timestamp":"2019-05-26T08:21:25.312Z"}
{"level":"info","message":"connected to mongodb://localhost/document_management_tests","timestamp":"2019-05-26T08:22:04.245Z"}
{"level":"info","message":"connected to mongodb://localhost/document_management_tests","timestamp":"2019-05-26T08:22:04.674Z"}
{"level":"info","message":"connected to mongodb://localhost/document_management_tests","timestamp":"2019-05-26T08:22:04.934Z"}
{"level":"info","message":"connected to mongodb://localhost/document_management_tests","timestamp":"2019-05-26T08:22:05.381Z"}
{"level":"info","message":"connected to mongodb://localhost/document_management_tests","timestamp":"2019-05-26T08:22:05.933Z"}
{"level":"info","message":"connected to mongodb://localhost/document_management_tests","timestamp":"2019-05-26T08:22:53.491Z"}
{"level":"info","message":"connected to mongodb://localhost/document_management_tests","timestamp":"2019-05-26T08:22:54.109Z"}
{"level":"info","message":"connected to mongodb://localhost/document_management_tests","timestamp":"2019-05-26T08:22:54.508Z"}
{"level":"info","message":"connected to mongodb://localhost/document_management_tests","timestamp":"2019-05-26T08:22:54.973Z"}
{"level":"info","message":"connected to mongodb://localhost/document_management_tests","timestamp":"2019-05-26T08:22:55.374Z"}
{"level":"info","message":"connected to mongodb://localhost/document_management_tests","timestamp":"2019-05-26T08:23:17.728Z"}
{"level":"info","message":"connected to mongodb://localhost/document_management_tests","timestamp":"2019-05-26T08:23:18.395Z"}
{"level":"info","message":"connected to mongodb://localhost/document_management_tests","timestamp":"2019-05-26T08:23:18.876Z"}
{"level":"info","message":"connected to mongodb://localhost/document_management_tests","timestamp":"2019-05-26T08:23:19.315Z"}
{"level":"info","message":"connected to mongodb://localhost/document_management_tests","timestamp":"2019-05-26T08:23:20.134Z"}
{"level":"info","message":"connected to mongodb://localhost/document_management_tests","timestamp":"2019-05-26T08:24:10.871Z"}
{"level":"info","message":"connected to mongodb://localhost/document_management_tests","timestamp":"2019-05-26T08:24:11.585Z"}
{"level":"info","message":"connected to mongodb://localhost/document_management_tests","timestamp":"2019-05-26T08:24:11.875Z"}
{"level":"info","message":"connected to mongodb://localhost/document_management_tests","timestamp":"2019-05-26T08:24:12.356Z"}
{"level":"info","message":"connected to mongodb://localhost/document_management_tests","timestamp":"2019-05-26T08:24:13.117Z"}
{"level":"info","message":"connected to mongodb://localhost/document_management_tests","timestamp":"2019-05-26T08:29:34.402Z"}
{"level":"info","message":"connected to mongodb://localhost/document_management_tests","timestamp":"2019-05-26T08:29:35.159Z"}
{"level":"info","message":"connected to mongodb://localhost/document_management_tests","timestamp":"2019-05-26T08:29:35.570Z"}
{"level":"info","message":"connected to mongodb://localhost/document_management_tests","timestamp":"2019-05-26T08:29:36.014Z"}
{"level":"info","message":"connected to mongodb://localhost/document_management_tests","timestamp":"2019-05-26T08:29:36.436Z"}
{"level":"info","message":"connected to mongodb://localhost/document_management_tests","timestamp":"2019-05-26T08:29:49.349Z"}
{"level":"info","message":"connected to mongodb://localhost/document_management_tests","timestamp":"2019-05-26T08:29:49.869Z"}
{"level":"info","message":"connected to mongodb://localhost/document_management_tests","timestamp":"2019-05-26T08:29:50.295Z"}
{"level":"info","message":"connected to mongodb://localhost/document_management_tests","timestamp":"2019-05-26T08:29:51.187Z"}
{"level":"info","message":"connected to mongodb://localhost/document_management_tests","timestamp":"2019-05-26T08:29:51.630Z"}
{"level":"info","message":"connected to mongodb://localhost/document_management_tests","timestamp":"2019-05-26T08:30:12.202Z"}
{"level":"info","message":"connected to mongodb://localhost/document_management_tests","timestamp":"2019-05-26T08:30:12.711Z"}
{"level":"info","message":"connected to mongodb://localhost/document_management_tests","timestamp":"2019-05-26T08:30:13.496Z"}
{"level":"info","message":"connected to mongodb://localhost/document_management_tests","timestamp":"2019-05-26T08:30:13.968Z"}
{"level":"info","message":"connected to mongodb://localhost/document_management_tests","timestamp":"2019-05-26T08:30:14.346Z"}
{"level":"info","message":"connected to mongodb://localhost/document_management_tests","timestamp":"2019-05-26T08:31:26.148Z"}
{"level":"info","message":"connected to mongodb://localhost/document_management_tests","timestamp":"2019-05-26T08:31:26.623Z"}
{"level":"info","message":"connected to mongodb://localhost/document_management_tests","timestamp":"2019-05-26T08:31:27.450Z"}
{"message":"failed to reconnect after 30 attempts with interval 1000 ms","stack":"MongoNetworkError: failed to reconnect after 30 attempts with interval 1000 ms\n    at connect (/Users/kazeemjimoh/Desktop/document-management-system/node_modules/mongodb-core/lib/connection/pool.js:308:13)\n    at makeConnection (/Users/kazeemjimoh/Desktop/document-management-system/node_modules/mongodb-core/lib/connection/connect.js:38:11)\n    at callback (/Users/kazeemjimoh/Desktop/document-management-system/node_modules/mongodb-core/lib/connection/connect.js:260:5)\n    at Socket.err (/Users/kazeemjimoh/Desktop/document-management-system/node_modules/mongodb-core/lib/connection/connect.js:286:7)\n    at Object.onceWrapper (events.js:277:13)\n    at Socket.emit (events.js:189:13)\n    at emitErrorNT (internal/streams/destroy.js:82:8)\n    at emitErrorAndCloseNT (internal/streams/destroy.js:50:3)\n    at process._tickCallback (internal/process/next_tick.js:63:19)","name":"MongoNetworkError","errorLabels":["TransientTransactionError"],"level":"error","timestamp":"2019-05-26T08:31:57.614Z"}
{"level":"info","message":"connected to mongodb://localhost/document_management_tests","timestamp":"2019-05-26T08:34:45.691Z"}
{"level":"info","message":"connected to mongodb://localhost/document_management_tests","timestamp":"2019-05-26T08:34:46.260Z"}
{"level":"info","message":"connected to mongodb://localhost/document_management_tests","timestamp":"2019-05-26T08:34:46.704Z"}
{"level":"info","message":"connected to mongodb://localhost/document_management_tests","timestamp":"2019-05-26T08:34:47.169Z"}
{"level":"info","message":"connected to mongodb://localhost/document_management_tests","timestamp":"2019-05-26T08:34:47.613Z"}
{"level":"info","message":"connected to mongodb://localhost/document_management_tests","timestamp":"2019-05-26T08:35:31.755Z"}
{"level":"info","message":"connected to mongodb://localhost/document_management_tests","timestamp":"2019-05-26T08:35:32.235Z"}
{"level":"info","message":"connected to mongodb://localhost/document_management_tests","timestamp":"2019-05-26T08:35:32.745Z"}
{"level":"info","message":"connected to mongodb://localhost/document_management_tests","timestamp":"2019-05-26T08:35:33.156Z"}
{"level":"info","message":"connected to mongodb://localhost/document_management_tests","timestamp":"2019-05-26T08:35:33.630Z"}
{"level":"info","message":"connected to mongodb://localhost/document_management_tests","timestamp":"2019-05-26T08:36:07.374Z"}
{"level":"info","message":"connected to mongodb://localhost/document_management_tests","timestamp":"2019-05-26T08:36:07.842Z"}
{"level":"info","message":"connected to mongodb://localhost/document_management_tests","timestamp":"2019-05-26T08:36:08.385Z"}
{"level":"info","message":"connected to mongodb://localhost/document_management_tests","timestamp":"2019-05-26T08:36:08.850Z"}
{"level":"info","message":"connected to mongodb://localhost/document_management_tests","timestamp":"2019-05-26T08:36:09.233Z"}
{"level":"info","message":"connected to mongodb://localhost/document_management_tests","timestamp":"2019-05-26T08:36:20.000Z"}
{"level":"info","message":"connected to mongodb://localhost/document_management_tests","timestamp":"2019-05-26T08:36:20.470Z"}
{"level":"info","message":"connected to mongodb://localhost/document_management_tests","timestamp":"2019-05-26T08:36:21.074Z"}
{"level":"info","message":"connected to mongodb://localhost/document_management_tests","timestamp":"2019-05-26T08:36:21.554Z"}
{"level":"info","message":"connected to mongodb://localhost/document_management_tests","timestamp":"2019-05-26T08:36:21.944Z"}
{"level":"info","message":"connected to mongodb://localhost/document_management_tests","timestamp":"2019-05-26T08:37:38.051Z"}
{"level":"info","message":"connected to mongodb://localhost/document_management_tests","timestamp":"2019-05-26T08:37:38.544Z"}
{"level":"info","message":"connected to mongodb://localhost/document_management_tests","timestamp":"2019-05-26T08:37:38.990Z"}
{"level":"info","message":"connected to mongodb://localhost/document_management_tests","timestamp":"2019-05-26T08:37:39.662Z"}
{"level":"info","message":"connected to mongodb://localhost/document_management_tests","timestamp":"2019-05-26T08:37:40.058Z"}
{"level":"info","message":"connected to mongodb://localhost/document_management_tests","timestamp":"2019-05-26T08:37:43.430Z"}
{"level":"info","message":"connected to mongodb://localhost/document_management_tests","timestamp":"2019-05-26T08:37:43.888Z"}
{"level":"info","message":"connected to mongodb://localhost/document_management_tests","timestamp":"2019-05-26T08:37:44.538Z"}
{"level":"info","message":"connected to mongodb://localhost/document_management_tests","timestamp":"2019-05-26T08:37:44.972Z"}
{"level":"info","message":"connected to mongodb://localhost/document_management_tests","timestamp":"2019-05-26T08:37:45.400Z"}
{"level":"info","message":"connected to mongodb://localhost/document_management_tests","timestamp":"2019-05-26T08:37:53.891Z"}
{"level":"info","message":"connected to mongodb://localhost/document_management_tests","timestamp":"2019-05-26T08:37:54.344Z"}
{"level":"info","message":"connected to mongodb://localhost/document_management_tests","timestamp":"2019-05-26T08:37:54.852Z"}
{"level":"info","message":"connected to mongodb://localhost/document_management_tests","timestamp":"2019-05-26T08:37:55.371Z"}
{"level":"info","message":"connected to mongodb://localhost/document_management_tests","timestamp":"2019-05-26T08:37:55.754Z"}
{"level":"info","message":"connected to mongodb://localhost/document_management_tests","timestamp":"2019-05-26T08:38:25.082Z"}
{"level":"info","message":"connected to mongodb://localhost/document_management_tests","timestamp":"2019-05-26T08:38:25.823Z"}
{"level":"info","message":"connected to mongodb://localhost/document_management_tests","timestamp":"2019-05-26T08:38:26.274Z"}
{"level":"info","message":"connected to mongodb://localhost/document_management_tests","timestamp":"2019-05-26T08:38:26.721Z"}
{"level":"info","message":"connected to mongodb://localhost/document_management_tests","timestamp":"2019-05-26T08:38:27.101Z"}
{"level":"info","message":"listening on port 3000...","timestamp":"2019-05-26T08:40:09.905Z"}
{"level":"info","message":"listening on port 3000...","timestamp":"2019-05-26T08:42:38.491Z"}
{"level":"info","message":"connected to mongodb://localhost/document_management","timestamp":"2019-05-26T08:42:38.529Z"}
{"level":"info","message":"listening on port 3000...","timestamp":"2019-05-26T08:56:11.044Z"}
{"level":"info","message":"connected to mongodb://localhost/document_management","timestamp":"2019-05-26T08:56:11.076Z"}
{"level":"info","message":"listening on port 3000...","timestamp":"2019-05-26T08:59:43.289Z"}
{"level":"info","message":"connected to mongodb://localhost/document_management","timestamp":"2019-05-26T08:59:43.320Z"}
{"level":"info","message":"listening on port 3000...","timestamp":"2019-05-26T09:00:54.514Z"}
{"level":"info","message":"connected to mongodb://localhost/document_management","timestamp":"2019-05-26T09:00:54.548Z"}
{"level":"info","message":"listening on port 3000...","timestamp":"2019-05-26T09:16:53.589Z"}
{"level":"info","message":"connected to mongodb://localhost/document_management","timestamp":"2019-05-26T09:16:53.624Z"}
